<?xml version="1.0" encoding="UTF-8"?>
<testng-results skipped="0" failed="0" ignored="0" total="1" passed="1">
  <reporter-output>
  </reporter-output>
  <suite name="Default suite" duration-ms="43183" started-at="2020-04-27T12:39:00 IST" finished-at="2020-04-27T12:39:44 IST">
    <groups>
    </groups>
    <test name="Default test" duration-ms="43183" started-at="2020-04-27T12:39:00 IST" finished-at="2020-04-27T12:39:44 IST">
      <class name="testCases.Loginapplication">
        <test-method status="PASS" signature="login()[pri:0, instance:testCases.Loginapplication@520a3426]" name="login" duration-ms="43016" started-at="2020-04-27T12:39:01 IST" finished-at="2020-04-27T12:39:44 IST">
          <reporter-output>
          </reporter-output>
        </test-method> <!-- login -->
      </class> <!-- testCases.Loginapplication -->
    </test> <!-- Default test -->
  </suite> <!-- Default suite -->
</testng-results>
